<?xml version="1.0" encoding="UTF-8"?>
<coverage generated="1528411214489" clover="3.2.0">
    <project timestamp="1528411214489" name="All files">
        <metrics statements="26" coveredstatements="24" conditionals="10" coveredconditionals="9" methods="9"
                 coveredmethods="5" elements="45" coveredelements="38" complexity="0" loc="26" ncloc="26" packages="2"
                 files="3" classes="3">
            <package name="front-end-challenge">
                <metrics statements="3" coveredstatements="2" conditionals="0" coveredconditionals="0" methods="0"
                         coveredmethods="0"/>
                <file name="assetsTransformer.js"
                      path="D:\Desarrollo\Web\Bitso\front-end-challenge\assetsTransformer.js">
                    <metrics statements="3" coveredstatements="2" conditionals="0" coveredconditionals="0" methods="0"
                             coveredmethods="0"/>
                    <line num="1" count="1" type="stmt"/>
                    <line num="3" count="1" type="stmt"/>
                    <line num="5" count="0" type="stmt"/>
                </file>
            </package>
            <package name="front-end-challenge.src.Components">
                <metrics statements="23" coveredstatements="22" conditionals="10" coveredconditionals="9" methods="9"
                         coveredmethods="5"/>
                <file name="Header.js" path="D:\Desarrollo\Web\Bitso\front-end-challenge\src\Components\Header.js">
                    <metrics statements="11" coveredstatements="10" conditionals="4" coveredconditionals="4" methods="6"
                             coveredmethods="2"/>
                    <line num="27" count="3" type="stmt"/>
                    <line num="29" count="3" type="stmt"/>
                    <line num="30" count="3" type="stmt"/>
                    <line num="39" count="0" type="stmt"/>
                    <line num="49" count="3" type="stmt"/>
                    <line num="50" count="3" type="cond" truecount="4" falsecount="0"/>
                    <line num="51" count="2" type="stmt"/>
                    <line num="52" count="2" type="stmt"/>
                    <line num="53" count="2" type="stmt"/>
                    <line num="54" count="2" type="stmt"/>
                    <line num="139" count="1" type="stmt"/>
                </file>
                <file name="LastTrades.js"
                      path="D:\Desarrollo\Web\Bitso\front-end-challenge\src\Components\LastTrades.js">
                    <metrics statements="12" coveredstatements="12" conditionals="6" coveredconditionals="5" methods="3"
                             coveredmethods="3"/>
                    <line num="16" count="4" type="stmt"/>
                    <line num="23" count="4" type="stmt"/>
                    <line num="24" count="4" type="cond" truecount="4" falsecount="0"/>
                    <line num="26" count="3" type="stmt"/>
                    <line num="27" count="3" type="stmt"/>
                    <line num="28" count="3" type="stmt"/>
                    <line num="29" count="3" type="stmt"/>
                    <line num="45" count="11" type="stmt"/>
                    <line num="46" count="11" type="stmt"/>
                    <line num="47" count="11" type="cond" truecount="1" falsecount="1"/>
                    <line num="48" count="11" type="stmt"/>
                    <line num="64" count="1" type="stmt"/>
                </file>
            </package>
    </metrics>
  </project>
</coverage>
