<?xml version="1.0" encoding="UTF-8"?>
<coverage generated="1528097984194" clover="3.2.0">
  <project timestamp="1528097984195" name="All files">
    <metrics statements="23" coveredstatements="23" conditionals="16" coveredconditionals="11" methods="5" coveredmethods="5" elements="44" coveredelements="39" complexity="0" loc="23" ncloc="23" packages="1" files="1" classes="1">
      <file name="LastTrades.js" path="C:\Desarrollo\Web\Bitso\front-end-challenge\src\Components\LastTrades.js">
        <metrics statements="23" coveredstatements="23" conditionals="16" coveredconditionals="11" methods="5" coveredmethods="5"/>
        <line num="12" count="5" type="stmt"/>
        <line num="13" count="5" type="stmt"/>
        <line num="17" count="5" type="stmt"/>
        <line num="21" count="5" type="stmt"/>
        <line num="22" count="5" type="stmt"/>
        <line num="25" count="1" type="cond" truecount="2" falsecount="2"/>
        <line num="26" count="1" type="stmt"/>
        <line num="27" count="1" type="stmt"/>
        <line num="28" count="1" type="stmt"/>
        <line num="39" count="6" type="stmt"/>
        <line num="40" count="6" type="cond" truecount="4" falsecount="0"/>
        <line num="41" count="5" type="stmt"/>
        <line num="42" count="5" type="stmt"/>
        <line num="44" count="61" type="stmt"/>
        <line num="52" count="5" type="cond" truecount="2" falsecount="0"/>
        <line num="53" count="1" type="stmt"/>
        <line num="55" count="5" type="cond" truecount="2" falsecount="2"/>
        <line num="56" count="5" type="stmt"/>
        <line num="57" count="5" type="stmt"/>
        <line num="58" count="5" type="stmt"/>
        <line num="59" count="5" type="stmt"/>
        <line num="75" count="61" type="stmt"/>
        <line num="91" count="1" type="stmt"/>
      </file>
    </metrics>
  </project>
</coverage>
