{"D:\\Desarrollo\\Web\\Bitso\\front-end-challenge\\assetsTransformer.js": {"path":"D:\\Desarrollo\\Web\\Bitso\\front-end-challenge\\assetsTransformer.js","statementMap":{"0":{"start":{"line":1,"column":13},"end":{"line":1,"column":28}},"1":{"start":{"line":3,"column":0},"end":{"line":7,"column":2}},"2":{"start":{"line":5,"column":8},"end":{"line":5,"column":83}}},"fnMap":{},"branchMap":{},"s":{"0":1,"1":1,"2":0},"f":{},"b":{},"_coverageSchema":"332fd63041d2c1bcb487cc26dd0d5f7d97098a6c","hash":"2ce4857a80d625313648bf46fff8896caacd19c2"}
,"D:\\Desarrollo\\Web\\Bitso\\front-end-challenge\\src\\Components\\Header.js": {"path":"D:\\Desarrollo\\Web\\Bitso\\front-end-challenge\\src\\Components\\Header.js","statementMap":{"0":{"start":{"line":27,"column":8},"end":{"line":27,"column":21}},"1":{"start":{"line":29,"column":8},"end":{"line":29,"column":51}},"2":{"start":{"line":30,"column":8},"end":{"line":32,"column":10}},"3":{"start":{"line":39,"column":8},"end":{"line":41,"column":11}},"4":{"start":{"line":49,"column":30},"end":{"line":49,"column":40}},"5":{"start":{"line":50,"column":8},"end":{"line":50,"column":39}},"6":{"start":{"line":50,"column":29},"end":{"line":50,"column":39}},"7":{"start":{"line":51,"column":27},"end":{"line":51,"column":42}},"8":{"start":{"line":52,"column":32},"end":{"line":52,"column":45}},"9":{"start":{"line":53,"column":31},"end":{"line":53,"column":44}},"10":{"start":{"line":54,"column":8},"end":{"line":136,"column":10}},"11":{"start":{"line":140,"column":0},"end":{"line":143,"column":2}}},"fnMap":{"0":{"name":"(anonymous_0)","decl":{"start":{"line":26,"column":4},"end":{"line":26,"column":5}},"loc":{"start":{"line":26,"column":23},"end":{"line":33,"column":5}},"line":26},"1":{"name":"(anonymous_1)","decl":{"start":{"line":38,"column":4},"end":{"line":38,"column":5}},"loc":{"start":{"line":38,"column":16},"end":{"line":42,"column":5}},"line":38},"2":{"name":"(anonymous_2)","decl":{"start":{"line":48,"column":4},"end":{"line":48,"column":5}},"loc":{"start":{"line":48,"column":13},"end":{"line":137,"column":5}},"line":48},"3":{"name":"(anonymous_3)","decl":{"start":{"line":70,"column":50},"end":{"line":70,"column":51}},"loc":{"start":{"line":70,"column":56},"end":{"line":71,"column":29}},"line":70},"4":{"name":"(anonymous_4)","decl":{"start":{"line":88,"column":50},"end":{"line":88,"column":51}},"loc":{"start":{"line":88,"column":56},"end":{"line":89,"column":29}},"line":88},"5":{"name":"(anonymous_5)","decl":{"start":{"line":118,"column":50},"end":{"line":118,"column":51}},"loc":{"start":{"line":118,"column":56},"end":{"line":119,"column":29}},"line":118}},"branchMap":{"0":{"loc":{"start":{"line":50,"column":8},"end":{"line":50,"column":39}},"type":"if","locations":[{"start":{"line":50,"column":8},"end":{"line":50,"column":39}},{"start":{"line":50,"column":8},"end":{"line":50,"column":39}}],"line":50},"1":{"loc":{"start":{"line":50,"column":12},"end":{"line":50,"column":27}},"type":"binary-expr","locations":[{"start":{"line":50,"column":12},"end":{"line":50,"column":17}},{"start":{"line":50,"column":21},"end":{"line":50,"column":27}}],"line":50}},"s":{"0":2,"1":2,"2":2,"3":0,"4":2,"5":2,"6":1,"7":1,"8":1,"9":1,"10":1,"11":1},"f":{"0":2,"1":0,"2":2,"3":0,"4":0,"5":0},"b":{"0":[1,1],"1":[2,1]},"_coverageSchema":"332fd63041d2c1bcb487cc26dd0d5f7d97098a6c","hash":"8d18a0c5c470c0e22c27cf06d47c411af6e8ba07"}
,"D:\\Desarrollo\\Web\\Bitso\\front-end-challenge\\src\\Components\\LastTrades.js": {"path":"D:\\Desarrollo\\Web\\Bitso\\front-end-challenge\\src\\Components\\LastTrades.js","statementMap":{"0":{"start":{"line":16,"column":8},"end":{"line":16,"column":21}},"1":{"start":{"line":24,"column":31},"end":{"line":24,"column":41}},"2":{"start":{"line":25,"column":8},"end":{"line":25,"column":40}},"3":{"start":{"line":25,"column":30},"end":{"line":25,"column":40}},"4":{"start":{"line":27,"column":27},"end":{"line":27,"column":42}},"5":{"start":{"line":28,"column":32},"end":{"line":28,"column":45}},"6":{"start":{"line":29,"column":31},"end":{"line":29,"column":44}},"7":{"start":{"line":30,"column":8},"end":{"line":63,"column":10}},"8":{"start":{"line":46,"column":44},"end":{"line":46,"column":85}},"9":{"start":{"line":47,"column":45},"end":{"line":47,"column":82}},"10":{"start":{"line":48,"column":49},"end":{"line":48,"column":95}},"11":{"start":{"line":49,"column":32},"end":{"line":57,"column":33}},"12":{"start":{"line":67,"column":0},"end":{"line":70,"column":2}}},"fnMap":{"0":{"name":"(anonymous_0)","decl":{"start":{"line":15,"column":4},"end":{"line":15,"column":5}},"loc":{"start":{"line":15,"column":23},"end":{"line":17,"column":5}},"line":15},"1":{"name":"(anonymous_1)","decl":{"start":{"line":23,"column":4},"end":{"line":23,"column":5}},"loc":{"start":{"line":23,"column":13},"end":{"line":64,"column":5}},"line":23},"2":{"name":"(anonymous_2)","decl":{"start":{"line":45,"column":39},"end":{"line":45,"column":40}},"loc":{"start":{"line":45,"column":48},"end":{"line":58,"column":29}},"line":45}},"branchMap":{"0":{"loc":{"start":{"line":25,"column":8},"end":{"line":25,"column":40}},"type":"if","locations":[{"start":{"line":25,"column":8},"end":{"line":25,"column":40}},{"start":{"line":25,"column":8},"end":{"line":25,"column":40}}],"line":25},"1":{"loc":{"start":{"line":25,"column":12},"end":{"line":25,"column":28}},"type":"binary-expr","locations":[{"start":{"line":25,"column":12},"end":{"line":25,"column":19}},{"start":{"line":25,"column":23},"end":{"line":25,"column":28}}],"line":25},"2":{"loc":{"start":{"line":48,"column":49},"end":{"line":48,"column":95}},"type":"cond-expr","locations":[{"start":{"line":48,"column":63},"end":{"line":48,"column":90}},{"start":{"line":48,"column":93},"end":{"line":48,"column":95}}],"line":48}},"s":{"0":4,"1":4,"2":4,"3":1,"4":3,"5":3,"6":3,"7":3,"8":11,"9":11,"10":11,"11":11,"12":1},"f":{"0":4,"1":4,"2":11},"b":{"0":[1,3],"1":[4,3],"2":[0,11]},"_coverageSchema":"332fd63041d2c1bcb487cc26dd0d5f7d97098a6c","hash":"66034b6a92d625d53e4bfad64b675d04431b1c6b"}
}
