TN:
SF:C:\Desarrollo\Web\Bitso\front-end-challenge\src\Components\LastTrades.js
FN:11,(anonymous_0)
FN:20,(anonymous_1)
FN:24,(anonymous_2)
FN:38,(anonymous_3)
FN:73,(anonymous_4)
FNF:5
FNH:5
FNDA:5,(anonymous_0)
FNDA:5,(anonymous_1)
FNDA:1,(anonymous_2)
FNDA:6,(anonymous_3)
FNDA:61,(anonymous_4)
DA:12,5
DA:13,5
DA:17,5
DA:21,5
DA:22,5
DA:25,1
DA:26,1
DA:27,1
DA:28,1
DA:39,6
DA:40,6
DA:41,5
DA:42,5
DA:44,61
DA:52,5
DA:53,1
DA:55,5
DA:56,5
DA:57,5
DA:58,5
DA:59,5
DA:75,61
DA:91,1
LF:23
LH:23
BRDA:25,0,0,0
BRDA:25,0,1,1
BRDA:25,1,0,1
BRDA:25,1,1,0
BRDA:40,2,0,1
BRDA:40,2,1,5
BRDA:40,3,0,6
BRDA:40,3,1,5
BRDA:45,4,0,61
BRDA:45,4,1,0
BRDA:52,5,0,1
BRDA:52,5,1,4
BRDA:55,6,0,0
BRDA:55,6,1,5
BRDA:55,7,0,5
BRDA:55,7,1,0
BRF:16
BRH:11
end_of_record
