TN:
SF:D:\Desarrollo\Web\Bitso\front-end-challenge\assetsTransformer.js
FNF:0
FNH:0
DA:1,1
DA:3,1
DA:5,0
LF:3
LH:2
BRF:0
BRH:0
end_of_record
TN:
SF:D:\Desarrollo\Web\Bitso\front-end-challenge\src\Components\Header.js
FN:26,(anonymous_0)
FN:38,(anonymous_1)
FN:48,(anonymous_2)
FN:70,(anonymous_3)
FN:88,(anonymous_4)
FN:118,(anonymous_5)
FNF:6
FNH:2
FNDA:2,(anonymous_0)
FNDA:0,(anonymous_1)
FNDA:2,(anonymous_2)
FNDA:0,(anonymous_3)
FNDA:0,(anonymous_4)
FNDA:0,(anonymous_5)
DA:27,2
DA:29,2
DA:30,2
DA:39,0
DA:49,2
DA:50,2
DA:51,1
DA:52,1
DA:53,1
DA:54,1
DA:140,1
LF:11
LH:10
BRDA:50,0,0,1
BRDA:50,0,1,1
BRDA:50,1,0,2
BRDA:50,1,1,1
BRF:4
BRH:4
end_of_record
TN:
SF:D:\Desarrollo\Web\Bitso\front-end-challenge\src\Components\LastTrades.js
FN:15,(anonymous_0)
FN:23,(anonymous_1)
FN:45,(anonymous_2)
FNF:3
FNH:3
FNDA:4,(anonymous_0)
FNDA:4,(anonymous_1)
FNDA:11,(anonymous_2)
DA:16,4
DA:24,4
DA:25,4
DA:27,3
DA:28,3
DA:29,3
DA:30,3
DA:46,11
DA:47,11
DA:48,11
DA:49,11
DA:67,1
LF:12
LH:12
BRDA:25,0,0,1
BRDA:25,0,1,3
BRDA:25,1,0,4
BRDA:25,1,1,3
BRDA:48,2,0,0
BRDA:48,2,1,11
BRF:6
BRH:5
end_of_record
